[debug] [2021-06-18T14:07:04.984Z] ----------------------------------------------------------------------
[debug] [2021-06-18T14:07:04.992Z] Command:       C:\Program Files\nodejs\node.exe C:\Users\Muhammad Rabiul Alam\AppData\Roaming\npm\node_modules\firebase-tools\lib\bin\firebase.js init
[debug] [2021-06-18T14:07:04.993Z] CLI Version:   9.6.1
[debug] [2021-06-18T14:07:04.994Z] Platform:      win32
[debug] [2021-06-18T14:07:04.994Z] Node Version:  v16.1.0
[debug] [2021-06-18T14:07:04.997Z] Time:          Fri Jun 18 2021 20:07:04 GMT+0600 (Bangladesh Standard Time)
[debug] [2021-06-18T14:07:04.997Z] ----------------------------------------------------------------------
[debug] [2021-06-18T14:07:04.998Z] 
[debug] [2021-06-18T14:07:05.005Z] >>> [apiv2][query] GET https://firebase-public.firebaseio.com/cli.json [none]
[debug] [2021-06-18T14:07:05.066Z] > command requires scopes: ["email","openid","https://www.googleapis.com/auth/cloudplatformprojects.readonly","https://www.googleapis.com/auth/firebase","https://www.googleapis.com/auth/cloud-platform"]
[debug] [2021-06-18T14:07:05.067Z] > authorizing via signed-in user
[info] 
     ######## #### ########  ######## ########     ###     ######  ########
     ##        ##  ##     ## ##       ##     ##  ##   ##  ##       ##
     ######    ##  ########  ######   ########  #########  ######  ######
     ##        ##  ##    ##  ##       ##     ## ##     ##       ## ##
     ##       #### ##     ## ######## ########  ##     ##  ######  ########

You're about to initialize a Firebase project in this directory:

  D:\Test\mern\phb3\scic3\fbc

[debug] [2021-06-18T14:07:06.774Z] <<< [apiv2][status] GET https://firebase-public.firebaseio.com/cli.json 200
[debug] [2021-06-18T14:07:06.775Z] <<< [apiv2][body] GET https://firebase-public.firebaseio.com/cli.json {"cloudBuildErrorAfter":1594252800000,"cloudBuildWarnAfter":1590019200000,"defaultNode10After":1594252800000,"minVersion":"3.0.5","node8DeploysDisabledAfter":1613390400000,"node8RuntimeDisabledAfter":1615809600000,"node8WarnAfter":1600128000000}
